::1 - - [17/Jan/2026:15:41:21 +0000] "GET / HTTP/1.1" 200 50 "-" "PostmanRuntime/7.51.0"
::1 - - [17/Jan/2026:15:47:30 +0000] "GET /api/v1/post HTTP/1.1" 200 357 "-" "PostmanRuntime/7.51.0"
::1 - - [18/Jan/2026:06:10:48 +0000] "GET / HTTP/1.1" 304 - "-" "Mozilla/5.0 (Windows NT 10.0; Win64; x64) AppleWebKit/537.36 (KHTML, like Gecko) Chrome/144.0.0.0 Safari/537.36"
::1 - - [18/Jan/2026:06:10:48 +0000] "GET /favicon.ico HTTP/1.1" 404 150 "http://localhost:3000/" "Mozilla/5.0 (Windows NT 10.0; Win64; x64) AppleWebKit/537.36 (KHTML, like Gecko) Chrome/144.0.0.0 Safari/537.36"
::1 - - [18/Jan/2026:06:21:17 +0000] "POST //api/auth/sign-up/email HTTP/1.1" 404 163 "-" "PostmanRuntime/7.51.0"
::1 - - [18/Jan/2026:06:21:20 +0000] "POST //api/auth/sign-up/email HTTP/1.1" 404 163 "-" "PostmanRuntime/7.51.0"
::1 - - [18/Jan/2026:06:22:10 +0000] "POST /api/auth/sign-up/email HTTP/1.1" 500 - "-" "PostmanRuntime/7.51.0"
::1 - - [18/Jan/2026:06:22:16 +0000] "POST /api/auth/sign-up/email HTTP/1.1" 500 - "-" "PostmanRuntime/7.51.0"
::1 - - [18/Jan/2026:06:23:36 +0000] "POST /api/auth/sign-up/email HTTP/1.1" 200 - "-" "PostmanRuntime/7.51.0"
::1 - - [18/Jan/2026:06:49:38 +0000] "POST /api/auth/sign-up/email HTTP/1.1" 403 - "-" "PostmanRuntime/7.51.0"
::1 - - [18/Jan/2026:06:51:52 +0000] "POST /api/auth/sign-up/email HTTP/1.1" 403 - "-" "PostmanRuntime/7.51.0"
::1 - - [18/Jan/2026:06:54:28 +0000] "POST /api/auth/sign-up/email HTTP/1.1" 200 - "-" "PostmanRuntime/7.51.0"
::1 - - [18/Jan/2026:06:58:28 +0000] "POST /api/auth/sign-up/email HTTP/1.1" 200 - "-" "PostmanRuntime/7.51.0"
::1 - - [18/Jan/2026:07:07:04 +0000] "POST /api/auth/sign-up/email HTTP/1.1" 200 - "-" "PostmanRuntime/7.51.0"
::1 - - [18/Jan/2026:10:11:48 +0000] "POST /api/auth/sign-up/email HTTP/1.1" - - "-" "PostmanRuntime/7.51.0"
::1 - - [18/Jan/2026:10:14:49 +0000] "POST /api/auth/sign-up/email HTTP/1.1" 422 - "-" "PostmanRuntime/7.51.0"
::1 - - [18/Jan/2026:10:15:20 +0000] "POST /api/auth/sign-up/email HTTP/1.1" - - "-" "PostmanRuntime/7.51.0"
::1 - - [18/Jan/2026:10:15:48 +0000] "POST /api/auth/sign-up/email HTTP/1.1" 422 - "-" "PostmanRuntime/7.51.0"
::1 - - [18/Jan/2026:10:17:20 +0000] "POST /api/auth/sign-up/email HTTP/1.1" 200 - "-" "PostmanRuntime/7.51.0"
::1 - - [18/Jan/2026:10:18:56 +0000] "POST /api/auth/sign-up/email HTTP/1.1" 200 - "-" "PostmanRuntime/7.51.0"
::1 - - [18/Jan/2026:10:24:34 +0000] "POST /api/auth/sign-up/email HTTP/1.1" 200 - "-" "PostmanRuntime/7.51.0"
::1 - - [18/Jan/2026:10:27:48 +0000] "POST /api/auth/sign-up/email HTTP/1.1" 200 - "-" "PostmanRuntime/7.51.0"
::1 - - [18/Jan/2026:10:31:23 +0000] "POST /api/auth/sign-up/email HTTP/1.1" 200 - "-" "PostmanRuntime/7.51.0"
::1 - - [18/Jan/2026:10:35:46 +0000] "POST /api/auth/sign-up/email HTTP/1.1" 200 - "-" "PostmanRuntime/7.51.0"
::1 - - [18/Jan/2026:10:37:08 +0000] "POST /api/auth/sign-up/email HTTP/1.1" 200 - "-" "PostmanRuntime/7.51.0"
::1 - - [18/Jan/2026:10:51:35 +0000] "POST /api/auth/sign-in/email HTTP/1.1" 200 - "-" "PostmanRuntime/7.51.0"
::1 - - [18/Jan/2026:10:51:56 +0000] "POST /api/auth/sign-in/email HTTP/1.1" 200 - "-" "PostmanRuntime/7.51.0"
::1 - - [18/Jan/2026:10:52:09 +0000] "POST /api/auth/sign-in/email HTTP/1.1" 403 - "-" "PostmanRuntime/7.51.0"
::1 - - [18/Jan/2026:10:52:15 +0000] "POST /api/auth/sign-in/email HTTP/1.1" 200 - "-" "PostmanRuntime/7.51.0"
::1 - - [18/Jan/2026:11:07:04 +0000] "POST /api/auth/sign-up/email HTTP/1.1" 200 - "-" "PostmanRuntime/7.51.0"
::1 - - [19/Jan/2026:11:50:29 +0000] "GET / HTTP/1.1" 200 50 "-" "Mozilla/5.0 (Windows NT 10.0; Win64; x64) AppleWebKit/537.36 (KHTML, like Gecko) Chrome/144.0.0.0 Safari/537.36"
::1 - - [19/Jan/2026:11:50:29 +0000] "GET /favicon.ico HTTP/1.1" 404 150 "http://localhost:3000/" "Mozilla/5.0 (Windows NT 10.0; Win64; x64) AppleWebKit/537.36 (KHTML, like Gecko) Chrome/144.0.0.0 Safari/537.36"
::1 - - [19/Jan/2026:12:53:07 +0000] "POST /api/v1/post HTTP/1.1" 201 389 "-" "PostmanRuntime/7.51.0"
::1 - - [19/Jan/2026:20:52:22 +0000] "GET /api/v1/post?search=title HTTP/1.1" 200 64 "-" "PostmanRuntime/7.51.0"
::1 - - [19/Jan/2026:20:52:34 +0000] "GET /api/v1/post?search=first HTTP/1.1" 200 64 "-" "PostmanRuntime/7.51.0"
::1 - - [19/Jan/2026:20:53:04 +0000] "GET /api/v1/post?search=first HTTP/1.1" 200 64 "-" "PostmanRuntime/7.51.0"
::1 - - [19/Jan/2026:20:53:28 +0000] "GET /api/v1/post HTTP/1.1" 200 684 "-" "PostmanRuntime/7.51.0"
::1 - - [19/Jan/2026:20:53:54 +0000] "GET /api/v1/post?search=post HTTP/1.1" 200 64 "-" "PostmanRuntime/7.51.0"
::1 - - [19/Jan/2026:20:54:03 +0000] "GET /api/v1/post?search=post HTTP/1.1" 200 64 "-" "PostmanRuntime/7.51.0"
::1 - - [19/Jan/2026:20:54:15 +0000] "GET /api/v1/post?search=post HTTP/1.1" 200 64 "-" "PostmanRuntime/7.51.0"
::1 - - [19/Jan/2026:20:56:29 +0000] "GET /api/v1/post?search=post HTTP/1.1" 200 64 "-" "PostmanRuntime/7.51.0"
::1 - - [19/Jan/2026:20:59:18 +0000] "GET /api/v1/post?search=post HTTP/1.1" 200 64 "-" "PostmanRuntime/7.51.0"
::1 - - [19/Jan/2026:20:59:54 +0000] "GET /api/v1/post?search=post HTTP/1.1" 200 64 "-" "PostmanRuntime/7.51.0"
::1 - - [19/Jan/2026:21:00:16 +0000] "GET /api/v1/post?search=post HTTP/1.1" 200 64 "-" "PostmanRuntime/7.51.0"
::1 - - [19/Jan/2026:21:01:34 +0000] "GET /api/v1/post?search=post HTTP/1.1" 200 64 "-" "PostmanRuntime/7.51.0"
::1 - - [19/Jan/2026:21:01:56 +0000] "GET /api/v1/post?search=post HTTP/1.1" 200 684 "-" "PostmanRuntime/7.51.0"
::1 - - [19/Jan/2026:21:02:01 +0000] "GET /api/v1/post?search=post2 HTTP/1.1" 200 390 "-" "PostmanRuntime/7.51.0"
::1 - - [19/Jan/2026:21:15:54 +0000] "GET /api/v1/post?search=hello HTTP/1.1" 200 684 "-" "PostmanRuntime/7.51.0"
::1 - - [19/Jan/2026:21:15:59 +0000] "GET /api/v1/post?search=ph HTTP/1.1" 200 64 "-" "PostmanRuntime/7.51.0"
::1 - - [19/Jan/2026:21:16:10 +0000] "GET /api/v1/post HTTP/1.1" 404 30 "-" "PostmanRuntime/7.51.0"
::1 - - [19/Jan/2026:21:16:17 +0000] "GET /api/v1/post HTTP/1.1" 404 30 "-" "PostmanRuntime/7.51.0"
::1 - - [19/Jan/2026:21:16:34 +0000] "GET /api/v1/post?tags=ph HTTP/1.1" 404 30 "-" "PostmanRuntime/7.51.0"
::1 - - [19/Jan/2026:21:16:36 +0000] "GET /api/v1/post?tags=ph HTTP/1.1" 404 30 "-" "PostmanRuntime/7.51.0"
::1 - - [19/Jan/2026:21:16:44 +0000] "GET /api/v1/post?tags=cool HTTP/1.1" 404 30 "-" "PostmanRuntime/7.51.0"
::1 - - [19/Jan/2026:21:17:08 +0000] "GET /api/v1/post HTTP/1.1" 404 30 "-" "PostmanRuntime/7.51.0"
::1 - - [19/Jan/2026:21:17:53 +0000] "GET /api/v1/post HTTP/1.1" 404 30 "-" "PostmanRuntime/7.51.0"
::1 - - [19/Jan/2026:21:18:20 +0000] "GET /api/v1/post HTTP/1.1" 404 30 "-" "PostmanRuntime/7.51.0"
::1 - - [19/Jan/2026:21:19:12 +0000] "GET /api/v1/post?tags=cool HTTP/1.1" 404 30 "-" "PostmanRuntime/7.51.0"
::1 - - [19/Jan/2026:21:19:23 +0000] "GET /api/v1/post?search=hello HTTP/1.1" 200 684 "-" "PostmanRuntime/7.51.0"
::1 - - [19/Jan/2026:21:19:40 +0000] "GET /api/v1/post?tags=hello HTTP/1.1" 404 30 "-" "PostmanRuntime/7.51.0"
::1 - - [19/Jan/2026:21:20:50 +0000] "GET /api/v1/post?search=hello HTTP/1.1" 200 684 "-" "PostmanRuntime/7.51.0"
::1 - - [19/Jan/2026:21:21:17 +0000] "GET /api/v1/post?tags=hello HTTP/1.1" 404 30 "-" "PostmanRuntime/7.51.0"
::1 - - [19/Jan/2026:21:22:22 +0000] "GET /api/v1/post?search=cool HTTP/1.1" 200 684 "-" "PostmanRuntime/7.51.0"
::1 - - [19/Jan/2026:21:26:14 +0000] "GET /api/v1/post HTTP/1.1" 404 30 "-" "PostmanRuntime/7.51.0"
::1 - - [19/Jan/2026:22:01:11 +0000] "GET /api/v1/post?search=post HTTP/1.1" 200 684 "-" "PostmanRuntime/7.51.0"
::1 - - [19/Jan/2026:22:01:36 +0000] "GET /api/v1/post?search=post&tags=cool,2nd HTTP/1.1" 200 684 "-" "PostmanRuntime/7.51.0"
::1 - - [19/Jan/2026:22:01:39 +0000] "GET /api/v1/post?tags=cool,2nd HTTP/1.1" 200 684 "-" "PostmanRuntime/7.51.0"
::1 - - [19/Jan/2026:22:01:53 +0000] "GET /api/v1/post?search=post HTTP/1.1" 200 684 "-" "PostmanRuntime/7.51.0"
::1 - - [19/Jan/2026:22:02:03 +0000] "GET /api/v1/post?search=post&tags=2nd HTTP/1.1" 200 684 "-" "PostmanRuntime/7.51.0"
::1 - - [19/Jan/2026:22:02:07 +0000] "GET /api/v1/post?tags=2nd HTTP/1.1" 200 684 "-" "PostmanRuntime/7.51.0"
::1 - - [19/Jan/2026:22:02:12 +0000] "GET /api/v1/post?search=post&tags=2nd HTTP/1.1" 200 684 "-" "PostmanRuntime/7.51.0"
::1 - - [19/Jan/2026:22:10:04 +0000] "GET /api/v1/post?search=post&tags=2nd&isFeatured=true HTTP/1.1" 200 390 "-" "PostmanRuntime/7.51.0"
::1 - - [21/Jan/2026:13:10:21 +0000] "POST /api/auth/sign-up/email HTTP/1.1" 403 - "-" "node"
::1 - - [21/Jan/2026:13:17:57 +0000] "POST /api/auth/sign-up/email HTTP/1.1" 403 - "-" "node"
::1 - - [21/Jan/2026:13:18:33 +0000] "POST /api/auth/sign-up/email HTTP/1.1" 403 - "-" "node"
::1 - - [21/Jan/2026:13:21:06 +0000] "POST /api/auth/sign-up/email HTTP/1.1" 403 - "-" "node"
::1 - - [21/Jan/2026:13:34:13 +0000] "POST /api/auth/sign-up/email HTTP/1.1" 403 - "-" "node"
::1 - - [21/Jan/2026:14:16:00 +0000] "GET /api/v1/post?search=post HTTP/1.1" 200 684 "-" "PostmanRuntime/7.51.0"
::1 - - [21/Jan/2026:14:26:13 +0000] "POST /api/auth/sign-up/email HTTP/1.1" 403 - "-" "node"
::1 - - [21/Jan/2026:14:26:46 +0000] "POST /api/auth/sign-up/email HTTP/1.1" 403 - "-" "node"
::1 - - [25/Jan/2026:06:42:33 +0000] "POST /api/auth/sign-up/email HTTP/1.1" 403 - "-" "node"
::1 - - [25/Jan/2026:06:48:36 +0000] "POST /api/auth/sign-up/email HTTP/1.1" 403 - "-" "node"
::1 - - [25/Jan/2026:06:49:26 +0000] "POST /api/auth/sign-up/email HTTP/1.1" 403 - "-" "node"
::1 - - [25/Jan/2026:06:50:33 +0000] "POST /api/auth/sign-up/email HTTP/1.1" 403 - "-" "node"
::1 - - [25/Jan/2026:06:50:46 +0000] "POST /api/auth/sign-up/email HTTP/1.1" 403 - "-" "node"
::1 - - [25/Jan/2026:06:51:32 +0000] "POST /api/auth/sign-up/email HTTP/1.1" 400 - "-" "node"
::1 - - [25/Jan/2026:06:52:37 +0000] "POST /api/auth/sign-up/email HTTP/1.1" 200 - "-" "node"
::1 - - [25/Jan/2026:07:02:00 +0000] "GET /api/v1/post?page=1&limit=2&sortBy=title&sortOrder=desc HTTP/1.1" 200 64 "-" "PostmanRuntime/7.51.0"
::1 - - [25/Jan/2026:07:02:08 +0000] "GET /api/v1/post?sortBy=title&sortOrder=desc HTTP/1.1" 200 64 "-" "PostmanRuntime/7.51.0"
::1 - - [25/Jan/2026:07:02:20 +0000] "GET /api/v1/post HTTP/1.1" 200 64 "-" "PostmanRuntime/7.51.0"
::1 - - [25/Jan/2026:07:02:32 +0000] "GET /api/v1/post HTTP/1.1" 200 64 "-" "PostmanRuntime/7.51.0"
::1 - - [25/Jan/2026:07:02:46 +0000] "GET /api/v1/post HTTP/1.1" 200 64 "-" "PostmanRuntime/7.51.0"
::1 - - [25/Jan/2026:07:03:49 +0000] "POST /api/auth/sign-in/email HTTP/1.1" 200 - "-" "PostmanRuntime/7.51.0"
::1 - - [25/Jan/2026:07:04:03 +0000] "GET /api/v1/post HTTP/1.1" 200 64 "-" "PostmanRuntime/7.51.0"
::1 - - [25/Jan/2026:07:04:06 +0000] "GET /api/v1/post HTTP/1.1" 200 64 "-" "PostmanRuntime/7.51.0"
::1 - - [25/Jan/2026:07:04:18 +0000] "GET /api/v1/post HTTP/1.1" 200 64 "-" "PostmanRuntime/7.51.0"
::1 - - [25/Jan/2026:07:04:30 +0000] "GET /api/v1/post?tags=2nd HTTP/1.1" 200 64 "-" "PostmanRuntime/7.51.0"
::1 - - [25/Jan/2026:07:04:34 +0000] "GET /api/v1/post?tags=2nd&isFeatured=true&page=1&limit=2&sortBy=title&sortOrder=desc HTTP/1.1" 200 64 "-" "PostmanRuntime/7.51.0"
::1 - - [25/Jan/2026:07:04:56 +0000] "GET /api/v1/post?page=1 HTTP/1.1" 200 64 "-" "PostmanRuntime/7.51.0"
::1 - - [25/Jan/2026:07:04:59 +0000] "GET /api/v1/post HTTP/1.1" 200 64 "-" "PostmanRuntime/7.51.0"
::1 - - [25/Jan/2026:07:08:05 +0000] "GET /api/v1/post HTTP/1.1" 200 684 "-" "PostmanRuntime/7.51.0"
::1 - - [25/Jan/2026:07:08:10 +0000] "GET /api/v1/post?sortBy=title HTTP/1.1" 200 684 "-" "PostmanRuntime/7.51.0"
::1 - - [25/Jan/2026:07:08:15 +0000] "GET /api/v1/post?sortOrder=desc HTTP/1.1" 200 684 "-" "PostmanRuntime/7.51.0"
::1 - - [25/Jan/2026:07:08:33 +0000] "GET /api/v1/post?sortOrder=asc HTTP/1.1" 200 684 "-" "PostmanRuntime/7.51.0"
::1 - - [25/Jan/2026:07:17:35 +0000] "POST /api/auth/sign-up/email HTTP/1.1" 200 - "-" "PostmanRuntime/7.51.0"
::1 - - [25/Jan/2026:07:17:45 +0000] "POST /api/auth/sign-up/email HTTP/1.1" 200 - "-" "PostmanRuntime/7.51.0"
::1 - - [25/Jan/2026:07:18:03 +0000] "POST /api/auth/sign-up/email HTTP/1.1" 200 - "-" "PostmanRuntime/7.51.0"
::1 - - [25/Jan/2026:07:18:11 +0000] "POST /api/auth/sign-up/email HTTP/1.1" 200 - "-" "PostmanRuntime/7.51.0"
::1 - - [25/Jan/2026:07:18:29 +0000] "POST /api/auth/sign-up/email HTTP/1.1" 200 - "-" "PostmanRuntime/7.51.0"
::1 - - [25/Jan/2026:07:18:35 +0000] "POST /api/auth/sign-up/email HTTP/1.1" 200 - "-" "PostmanRuntime/7.51.0"
::1 - - [25/Jan/2026:07:18:45 +0000] "POST /api/auth/sign-up/email HTTP/1.1" 200 - "-" "PostmanRuntime/7.51.0"
::1 - - [25/Jan/2026:07:18:53 +0000] "POST /api/auth/sign-up/email HTTP/1.1" 200 - "-" "PostmanRuntime/7.51.0"
::1 - - [25/Jan/2026:07:19:03 +0000] "POST /api/auth/sign-up/email HTTP/1.1" 200 - "-" "PostmanRuntime/7.51.0"
::1 - - [25/Jan/2026:07:19:11 +0000] "POST /api/auth/sign-up/email HTTP/1.1" 200 - "-" "PostmanRuntime/7.51.0"
::1 - - [25/Jan/2026:07:19:19 +0000] "POST /api/auth/sign-up/email HTTP/1.1" 200 - "-" "PostmanRuntime/7.51.0"
::1 - - [25/Jan/2026:07:23:56 +0000] "POST /api/auth/sign-in/email HTTP/1.1" 200 - "-" "PostmanRuntime/7.51.0"
::1 - - [25/Jan/2026:07:24:11 +0000] "POST /api/v1/post HTTP/1.1" 403 39 "-" "PostmanRuntime/7.51.0"
::1 - - [25/Jan/2026:07:24:22 +0000] "POST /api/v1/post HTTP/1.1" 403 39 "-" "PostmanRuntime/7.51.0"
::1 - - [25/Jan/2026:07:26:59 +0000] "POST /api/v1/post HTTP/1.1" 403 39 "-" "PostmanRuntime/7.51.0"
::1 - - [25/Jan/2026:07:28:19 +0000] "POST /api/v1/post HTTP/1.1" 403 39 "-" "PostmanRuntime/7.51.0"
::1 - - [25/Jan/2026:07:28:27 +0000] "POST /api/auth/sign-in/email HTTP/1.1" 200 - "-" "PostmanRuntime/7.51.0"
::1 - - [25/Jan/2026:07:28:33 +0000] "POST /api/v1/post HTTP/1.1" 403 39 "-" "PostmanRuntime/7.51.0"
::1 - - [25/Jan/2026:07:30:14 +0000] "POST /api/auth/sign-in/email HTTP/1.1" 200 - "-" "PostmanRuntime/7.51.0"
::1 - - [25/Jan/2026:07:30:23 +0000] "POST /api/v1/post HTTP/1.1" 201 418 "-" "PostmanRuntime/7.51.0"
::1 - - [25/Jan/2026:07:38:45 +0000] "POST /api/auth/sign-in/email HTTP/1.1" 200 - "-" "PostmanRuntime/7.51.0"
::1 - - [25/Jan/2026:07:39:10 +0000] "POST /api/v1/post HTTP/1.1" 201 425 "-" "PostmanRuntime/7.51.0"
::1 - - [25/Jan/2026:07:39:17 +0000] "POST /api/v1/post HTTP/1.1" 201 447 "-" "PostmanRuntime/7.51.0"
::1 - - [25/Jan/2026:07:39:24 +0000] "POST /api/v1/post HTTP/1.1" 201 438 "-" "PostmanRuntime/7.51.0"
::1 - - [25/Jan/2026:07:39:30 +0000] "POST /api/v1/post HTTP/1.1" 201 431 "-" "PostmanRuntime/7.51.0"
::1 - - [25/Jan/2026:07:39:36 +0000] "POST /api/v1/post HTTP/1.1" 201 417 "-" "PostmanRuntime/7.51.0"
::1 - - [25/Jan/2026:07:39:44 +0000] "POST /api/v1/post HTTP/1.1" 201 421 "-" "PostmanRuntime/7.51.0"
::1 - - [25/Jan/2026:07:39:51 +0000] "POST /api/v1/post HTTP/1.1" 201 443 "-" "PostmanRuntime/7.51.0"
::1 - - [25/Jan/2026:07:40:08 +0000] "POST /api/v1/post HTTP/1.1" 201 455 "-" "PostmanRuntime/7.51.0"
::1 - - [25/Jan/2026:07:40:14 +0000] "POST /api/v1/post HTTP/1.1" 201 432 "-" "PostmanRuntime/7.51.0"
::1 - - [25/Jan/2026:07:40:20 +0000] "POST /api/v1/post HTTP/1.1" 201 440 "-" "PostmanRuntime/7.51.0"
::1 - - [25/Jan/2026:07:40:28 +0000] "POST /api/v1/post HTTP/1.1" 201 434 "-" "PostmanRuntime/7.51.0"
::1 - - [25/Jan/2026:07:40:36 +0000] "POST /api/v1/post HTTP/1.1" 201 454 "-" "PostmanRuntime/7.51.0"
::1 - - [25/Jan/2026:07:40:44 +0000] "POST /api/v1/post HTTP/1.1" 201 442 "-" "PostmanRuntime/7.51.0"
::1 - - [25/Jan/2026:07:40:54 +0000] "POST /api/v1/post HTTP/1.1" 201 450 "-" "PostmanRuntime/7.51.0"
::1 - - [25/Jan/2026:07:41:00 +0000] "POST /api/v1/post HTTP/1.1" 201 429 "-" "PostmanRuntime/7.51.0"
::1 - - [25/Jan/2026:07:41:09 +0000] "POST /api/v1/post HTTP/1.1" 201 444 "-" "PostmanRuntime/7.51.0"
::1 - - [25/Jan/2026:07:41:25 +0000] "POST /api/v1/post HTTP/1.1" 201 447 "-" "PostmanRuntime/7.51.0"
::1 - - [25/Jan/2026:07:41:34 +0000] "POST /api/v1/post HTTP/1.1" 201 438 "-" "PostmanRuntime/7.51.0"
::1 - - [25/Jan/2026:07:41:42 +0000] "POST /api/v1/post HTTP/1.1" 201 446 "-" "PostmanRuntime/7.51.0"
::1 - - [25/Jan/2026:07:41:51 +0000] "POST /api/v1/post HTTP/1.1" 201 445 "-" "PostmanRuntime/7.51.0"
::1 - - [25/Jan/2026:07:41:59 +0000] "POST /api/v1/post HTTP/1.1" 201 447 "-" "PostmanRuntime/7.51.0"
::1 - - [25/Jan/2026:07:42:06 +0000] "POST /api/v1/post HTTP/1.1" 201 452 "-" "PostmanRuntime/7.51.0"
::1 - - [25/Jan/2026:07:43:07 +0000] "GET /api/v1/post HTTP/1.1" 200 3867 "-" "PostmanRuntime/7.51.0"
::1 - - [25/Jan/2026:08:41:14 +0000] "GET /api/v1/post HTTP/1.1" 200 3867 "-" "node"
::1 - - [25/Jan/2026:08:42:20 +0000] "GET /api/v1/post HTTP/1.1" 200 3867 "-" "node"
::1 - - [25/Jan/2026:08:43:42 +0000] "GET /api/v1/post HTTP/1.1" 200 3867 "-" "node"
::1 - - [25/Jan/2026:08:48:38 +0000] "GET /api/v1/post HTTP/1.1" 200 3867 "-" "node"
::1 - - [25/Jan/2026:08:51:29 +0000] "GET /api/v1/post HTTP/1.1" 200 3867 "-" "node"
::1 - - [25/Jan/2026:08:52:56 +0000] "GET /api/v1/post HTTP/1.1" 200 3867 "-" "node"
::1 - - [25/Jan/2026:08:56:25 +0000] "GET /api/v1/post HTTP/1.1" 200 6310 "-" "node"
::1 - - [25/Jan/2026:08:56:53 +0000] "GET /api/v1/post HTTP/1.1" 200 6335 "-" "node"
::1 - - [25/Jan/2026:09:02:55 +0000] "GET /api/v1/post?tags=2nd&isFeatured=true&page=1&limit=2&sortBy=title&sortOrder=asc HTTP/1.1" 200 64 "-" "PostmanRuntime/7.51.0"
::1 - - [25/Jan/2026:09:03:06 +0000] "GET /api/v1/post?sortBy=title HTTP/1.1" 200 3867 "-" "PostmanRuntime/7.51.0"
::1 - - [25/Jan/2026:09:03:17 +0000] "GET /api/v1/post?sortOrder=asc HTTP/1.1" 200 3867 "-" "PostmanRuntime/7.51.0"
::1 - - [25/Jan/2026:09:03:25 +0000] "GET /api/v1/post?page=1&limit=2 HTTP/1.1" 200 831 "-" "PostmanRuntime/7.51.0"
::1 - - [25/Jan/2026:09:03:33 +0000] "GET /api/v1/post?isFeatured=true HTTP/1.1" 200 3106 "-" "PostmanRuntime/7.51.0"
::1 - - [25/Jan/2026:09:19:04 +0000] "GET /api/v1/post?isFeatured=true HTTP/1.1" 200 3175 "-" "PostmanRuntime/7.51.0"
::1 - - [25/Jan/2026:09:31:46 +0000] "GET /api/v1/post?isFeatured=true HTTP/1.1" 200 3175 "-" "PostmanRuntime/7.51.0"
::1 - - [25/Jan/2026:09:32:01 +0000] "GET /api/v1/post/af02d850-50f8-4d7b-a270-20ea61f4d59a HTTP/1.1" 400 45 "-" "PostmanRuntime/7.51.0"
::1 - - [25/Jan/2026:09:34:04 +0000] "GET /api/v1/post/af02d850-50f8-4d7b-a270-20ea61f4d59a HTTP/1.1" 400 42 "-" "PostmanRuntime/7.51.0"
::1 - - [25/Jan/2026:09:34:16 +0000] "GET /api/v1/post/af02d850-50f8-4d7b-a270-20ea61f4d59a HTTP/1.1" 400 62 "-" "PostmanRuntime/7.51.0"
::1 - - [25/Jan/2026:09:34:51 +0000] "GET /api/v1/post/af02d850-50f8-4d7b-a270-20ea61f4d59a HTTP/1.1" 400 62 "-" "PostmanRuntime/7.51.0"
::1 - - [25/Jan/2026:09:35:28 +0000] "GET /api/v1/post/af02d850-50f8-4d7b-a270-20ea61f4d59a HTTP/1.1" 400 62 "-" "PostmanRuntime/7.51.0"
